[1.559s] Invoking command in '/home/mc2148/AURO/GIT-SUBMISSION/AURO/Submission/build/assessment_interfaces': CMAKE_PREFIX_PATH=${CMAKE_PREFIX_PATH}:/home/mc2148/turtlebot3_ws/install/turtlebot3_teleop:/home/mc2148/turtlebot3_ws/install/turtlebot3_example:/home/mc2148/AURO/GIT-SUBMISSION/AURO/Submission/install/tf_relay:/home/mc2148/AURO/GIT-SUBMISSION/AURO/Submission/install/solution:/home/mc2148/AURO/GIT-SUBMISSION/AURO/Submission/install/assessment:/opt/ros/humble /usr/bin/cmake --build /home/mc2148/AURO/GIT-SUBMISSION/AURO/Submission/build/assessment_interfaces -- -j4 -l4
[2.846s] [  1%] Built target assessment_interfaces__cpp
[2.848s] [ 12%] Built target assessment_interfaces__rosidl_generator_c
[2.848s] [ 12%] Built target ament_cmake_python_copy_assessment_interfaces
[2.848s] [ 24%] Built target assessment_interfaces__rosidl_typesupport_cpp
[2.849s] [ 35%] Built target assessment_interfaces__rosidl_typesupport_fastrtps_cpp
[2.849s] [ 47%] Built target assessment_interfaces__rosidl_typesupport_introspection_cpp
[2.849s] [ 58%] Built target assessment_interfaces__rosidl_typesupport_fastrtps_c
[2.850s] [ 70%] Built target assessment_interfaces__rosidl_typesupport_introspection_c
[2.850s] [ 81%] Built target assessment_interfaces__rosidl_typesupport_c
[2.851s] [ 81%] Built target assessment_interfaces
[2.851s] [ 82%] Built target assessment_interfaces__py
[2.853s] [ 93%] Built target assessment_interfaces__rosidl_generator_py
[2.853s] [ 95%] Built target assessment_interfaces__rosidl_typesupport_introspection_c__pyext
[2.854s] [ 97%] Built target assessment_interfaces__rosidl_typesupport_fastrtps_c__pyext
[2.854s] [100%] Built target assessment_interfaces__rosidl_typesupport_c__pyext
[2.854s] running egg_info
[2.854s] writing assessment_interfaces.egg-info/PKG-INFO
[2.855s] writing dependency_links to assessment_interfaces.egg-info/dependency_links.txt
[2.855s] writing top-level names to assessment_interfaces.egg-info/top_level.txt
[2.855s] reading manifest file 'assessment_interfaces.egg-info/SOURCES.txt'
[2.856s] writing manifest file 'assessment_interfaces.egg-info/SOURCES.txt'
[2.920s] [100%] Built target ament_cmake_python_build_assessment_interfaces_egg
[2.965s] Invoked command in '/home/mc2148/AURO/GIT-SUBMISSION/AURO/Submission/build/assessment_interfaces' returned '0': CMAKE_PREFIX_PATH=${CMAKE_PREFIX_PATH}:/home/mc2148/turtlebot3_ws/install/turtlebot3_teleop:/home/mc2148/turtlebot3_ws/install/turtlebot3_example:/home/mc2148/AURO/GIT-SUBMISSION/AURO/Submission/install/tf_relay:/home/mc2148/AURO/GIT-SUBMISSION/AURO/Submission/install/solution:/home/mc2148/AURO/GIT-SUBMISSION/AURO/Submission/install/assessment:/opt/ros/humble /usr/bin/cmake --build /home/mc2148/AURO/GIT-SUBMISSION/AURO/Submission/build/assessment_interfaces -- -j4 -l4
[3.702s] Traceback (most recent call last):
  File "/usr/lib/python3/dist-packages/colcon_parallel_executor/executor/parallel.py", line 75, in execute
    loop.run_until_complete(future)
  File "/usr/lib/python3.10/asyncio/base_events.py", line 636, in run_until_complete
    self.run_forever()
  File "/usr/lib/python3.10/asyncio/base_events.py", line 603, in run_forever
    self._run_once()
  File "/usr/lib/python3.10/asyncio/base_events.py", line 1871, in _run_once
    event_list = self._selector.select(timeout)
  File "/usr/lib/python3.10/selectors.py", line 469, in select
    fd_event_list = self._selector.poll(timeout, max_ev)
KeyboardInterrupt

During handling of the above exception, another exception occurred:

Traceback (most recent call last):
  File "/usr/lib/python3/dist-packages/colcon_core/executor/__init__.py", line 91, in __call__
    rc = await self.task(*args, **kwargs)
  File "/usr/lib/python3/dist-packages/colcon_core/task/__init__.py", line 93, in __call__
    return await task_method(*args, **kwargs)
  File "/usr/lib/python3/dist-packages/colcon_ros/task/ament_cmake/build.py", line 59, in build
    rc = await extension.build(
  File "/usr/lib/python3/dist-packages/colcon_cmake/task/cmake/build.py", line 110, in build
    if await has_target(args.build_base, 'install'):
  File "/usr/lib/python3/dist-packages/colcon_cmake/task/cmake/__init__.py", line 57, in has_target
    return target in await get_makefile_targets(path)
  File "/usr/lib/python3/dist-packages/colcon_cmake/task/cmake/__init__.py", line 77, in get_makefile_targets
    output = await check_output([
  File "/usr/lib/python3/dist-packages/colcon_core/subprocess.py", line 129, in check_output
    assert not rc, f'Expected {args} to pass: {stderr_data}'
AssertionError: Expected ['/usr/bin/cmake', '--build', '/home/mc2148/AURO/GIT-SUBMISSION/AURO/Submission/build/assessment_interfaces', '--target', 'help'] to pass: gmake: *** [Makefile:2061: help] Interrupt

