[0.000000] (-) TimerEvent: {}
[0.000231] (assessment) JobQueued: {'identifier': 'assessment', 'dependencies': OrderedDict()}
[0.000347] (assessment_interfaces) JobQueued: {'identifier': 'assessment_interfaces', 'dependencies': OrderedDict()}
[0.000526] (solution) JobQueued: {'identifier': 'solution', 'dependencies': OrderedDict()}
[0.000708] (solution_interfaces) JobQueued: {'identifier': 'solution_interfaces', 'dependencies': OrderedDict()}
[0.000881] (tf_relay) JobQueued: {'identifier': 'tf_relay', 'dependencies': OrderedDict()}
[0.000978] (assessment) JobStarted: {'identifier': 'assessment'}
[0.098581] (-) TimerEvent: {}
[0.199072] (-) TimerEvent: {}
[0.277999] (assessment_interfaces) JobStarted: {'identifier': 'assessment_interfaces'}
[0.299258] (-) TimerEvent: {}
[0.400125] (-) TimerEvent: {}
[0.482704] (solution) JobStarted: {'identifier': 'solution'}
[0.500266] (-) TimerEvent: {}
[0.600881] (-) TimerEvent: {}
[0.701702] (-) TimerEvent: {}
[0.734945] (solution_interfaces) JobStarted: {'identifier': 'solution_interfaces'}
[0.801858] (-) TimerEvent: {}
[0.902410] (-) TimerEvent: {}
[1.003166] (-) TimerEvent: {}
[1.103570] (-) TimerEvent: {}
[1.203945] (-) TimerEvent: {}
[1.304301] (-) TimerEvent: {}
[1.404680] (-) TimerEvent: {}
[1.505076] (-) TimerEvent: {}
[1.605533] (-) TimerEvent: {}
[1.707154] (-) TimerEvent: {}
[1.807574] (-) TimerEvent: {}
[1.830897] (assessment_interfaces) JobProgress: {'identifier': 'assessment_interfaces', 'progress': 'cmake'}
[1.832055] (assessment_interfaces) JobProgress: {'identifier': 'assessment_interfaces', 'progress': 'build'}
[1.833884] (assessment_interfaces) Command: {'cmd': ['/usr/bin/cmake', '--build', '/home/mc2148/AURO/GIT-SUBMISSION/AURO/Submission/build/assessment_interfaces', '--', '-j4', '-l4'], 'cwd': '/home/mc2148/AURO/GIT-SUBMISSION/AURO/Submission/build/assessment_interfaces', 'env': OrderedDict([('LESSOPEN', '| /usr/bin/lesspipe %s'), ('LANGUAGE', 'en_GB:en'), ('USER', 'mc2148'), ('XDG_SESSION_TYPE', 'wayland'), ('SHLVL', '1'), ('LD_LIBRARY_PATH', '/home/mc2148/turtlebot3_ws/install/turtlebot3_msgs/lib:/home/mc2148/turtlebot3_ws/install/dynamixel_sdk_custom_interfaces/lib:/home/mc2148/turtlebot3_ws/install/dynamixel_sdk/lib:/home/mc2148/AURO/GIT-SUBMISSION/AURO/Submission/install/solution_interfaces/lib:/home/mc2148/AURO/GIT-SUBMISSION/AURO/Submission/install/assessment_interfaces/lib:/usr/lib/x86_64-linux-gnu/gazebo-11/plugins:/opt/ros/humble/opt/rviz_ogre_vendor/lib:/opt/ros/humble/lib/x86_64-linux-gnu:/opt/ros/humble/lib'), ('HOME', '/home/mc2148'), ('OLDPWD', '/home/mc2148'), ('DESKTOP_SESSION', 'ubuntu'), ('ROS_PYTHON_VERSION', '3'), ('GNOME_SHELL_SESSION_MODE', 'ubuntu'), ('GTK_MODULES', 'gail:atk-bridge'), ('SYSTEMD_EXEC_PID', '1536'), ('DBUS_SESSION_BUS_ADDRESS', 'unix:path=/run/user/1000/bus'), ('COLORTERM', 'truecolor'), ('_colcon_cd_root', '/opt/ros/humble/'), ('IM_CONFIG_PHASE', '1'), ('WAYLAND_DISPLAY', 'wayland-0'), ('COLCON_PREFIX_PATH', '/home/mc2148/AURO/GIT-SUBMISSION/AURO/Submission/install:/home/mc2148/turtlebot3_ws/install'), ('ROS_DISTRO', 'humble'), ('LOGNAME', 'mc2148'), ('_', '/usr/bin/colcon'), ('ROS_VERSION', '2'), ('XDG_SESSION_CLASS', 'user'), ('USERNAME', 'mc2148'), ('TERM', 'xterm-256color'), ('GAZEBO_MODEL_PATH', ':/home/mc2148/turtlebot3_ws/src/turtlebot3_simulations/turtlebot3_gazebo/models'), ('GNOME_DESKTOP_SESSION_ID', 'this-is-deprecated'), ('ROS_LOCALHOST_ONLY', '0'), ('PATH', '/opt/ros/humble/bin:/usr/local/sbin:/usr/local/bin:/usr/sbin:/usr/bin:/sbin:/bin:/usr/games:/usr/local/games:/snap/bin:/snap/bin'), ('SESSION_MANAGER', 'local/Dual-Laptop:@/tmp/.ICE-unix/1510,unix/Dual-Laptop:/tmp/.ICE-unix/1510'), ('XDG_MENU_PREFIX', 'gnome-'), ('GNOME_TERMINAL_SCREEN', '/org/gnome/Terminal/screen/b3bb4f13_06bc_4208_a437_16ab606c3a87'), ('GNOME_SETUP_DISPLAY', ':1'), ('XDG_RUNTIME_DIR', '/run/user/1000'), ('DISPLAY', ':0'), ('LANG', 'en_GB.UTF-8'), ('XDG_CURRENT_DESKTOP', 'ubuntu:GNOME'), ('RMW_IMPLEMENTATION', 'rmw_cyclonedds_cpp'), ('XMODIFIERS', '@im=ibus'), ('XDG_SESSION_DESKTOP', 'ubuntu'), ('XAUTHORITY', '/run/user/1000/.mutter-Xwaylandauth.HID2G2'), ('LS_COLORS', 'rs=0:di=01;34:ln=01;36:mh=00:pi=40;33:so=01;35:do=01;35:bd=40;33;01:cd=40;33;01:or=40;31;01:mi=00:su=37;41:sg=30;43:ca=30;41:tw=30;42:ow=34;42:st=37;44:ex=01;32:*.tar=01;31:*.tgz=01;31:*.arc=01;31:*.arj=01;31:*.taz=01;31:*.lha=01;31:*.lz4=01;31:*.lzh=01;31:*.lzma=01;31:*.tlz=01;31:*.txz=01;31:*.tzo=01;31:*.t7z=01;31:*.zip=01;31:*.z=01;31:*.dz=01;31:*.gz=01;31:*.lrz=01;31:*.lz=01;31:*.lzo=01;31:*.xz=01;31:*.zst=01;31:*.tzst=01;31:*.bz2=01;31:*.bz=01;31:*.tbz=01;31:*.tbz2=01;31:*.tz=01;31:*.deb=01;31:*.rpm=01;31:*.jar=01;31:*.war=01;31:*.ear=01;31:*.sar=01;31:*.rar=01;31:*.alz=01;31:*.ace=01;31:*.zoo=01;31:*.cpio=01;31:*.7z=01;31:*.rz=01;31:*.cab=01;31:*.wim=01;31:*.swm=01;31:*.dwm=01;31:*.esd=01;31:*.jpg=01;35:*.jpeg=01;35:*.mjpg=01;35:*.mjpeg=01;35:*.gif=01;35:*.bmp=01;35:*.pbm=01;35:*.pgm=01;35:*.ppm=01;35:*.tga=01;35:*.xbm=01;35:*.xpm=01;35:*.tif=01;35:*.tiff=01;35:*.png=01;35:*.svg=01;35:*.svgz=01;35:*.mng=01;35:*.pcx=01;35:*.mov=01;35:*.mpg=01;35:*.mpeg=01;35:*.m2v=01;35:*.mkv=01;35:*.webm=01;35:*.webp=01;35:*.ogm=01;35:*.mp4=01;35:*.m4v=01;35:*.mp4v=01;35:*.vob=01;35:*.qt=01;35:*.nuv=01;35:*.wmv=01;35:*.asf=01;35:*.rm=01;35:*.rmvb=01;35:*.flc=01;35:*.avi=01;35:*.fli=01;35:*.flv=01;35:*.gl=01;35:*.dl=01;35:*.xcf=01;35:*.xwd=01;35:*.yuv=01;35:*.cgm=01;35:*.emf=01;35:*.ogv=01;35:*.ogx=01;35:*.aac=00;36:*.au=00;36:*.flac=00;36:*.m4a=00;36:*.mid=00;36:*.midi=00;36:*.mka=00;36:*.mp3=00;36:*.mpc=00;36:*.ogg=00;36:*.ra=00;36:*.wav=00;36:*.oga=00;36:*.opus=00;36:*.spx=00;36:*.xspf=00;36:'), ('GNOME_TERMINAL_SERVICE', ':1.173'), ('SSH_AGENT_LAUNCHER', 'gnome-keyring'), ('SSH_AUTH_SOCK', '/run/user/1000/keyring/ssh'), ('ROS_DOMAIN_ID', '30'), ('AMENT_PREFIX_PATH', '/home/mc2148/turtlebot3_ws/install/turtlebot3:/home/mc2148/turtlebot3_ws/install/turtlebot3_teleop:/home/mc2148/turtlebot3_ws/install/turtlebot3_simulations:/home/mc2148/turtlebot3_ws/install/turtlebot3_bringup:/home/mc2148/turtlebot3_ws/install/turtlebot3_node:/home/mc2148/turtlebot3_ws/install/turtlebot3_navigation2:/home/mc2148/turtlebot3_ws/install/turtlebot3_fake_node:/home/mc2148/turtlebot3_ws/install/turtlebot3_example:/home/mc2148/turtlebot3_ws/install/turtlebot3_msgs:/home/mc2148/turtlebot3_ws/install/turtlebot3_gazebo:/home/mc2148/turtlebot3_ws/install/turtlebot3_description:/home/mc2148/turtlebot3_ws/install/turtlebot3_cartographer:/home/mc2148/turtlebot3_ws/install/dynamixel_sdk_examples:/home/mc2148/turtlebot3_ws/install/dynamixel_sdk_custom_interfaces:/home/mc2148/turtlebot3_ws/install/dynamixel_sdk:/home/mc2148/AURO/GIT-SUBMISSION/AURO/Submission/install/tf_relay:/home/mc2148/AURO/GIT-SUBMISSION/AURO/Submission/install/solution_interfaces:/home/mc2148/AURO/GIT-SUBMISSION/AURO/Submission/install/solution:/home/mc2148/AURO/GIT-SUBMISSION/AURO/Submission/install/assessment_interfaces:/home/mc2148/AURO/GIT-SUBMISSION/AURO/Submission/install/assessment:/opt/ros/humble'), ('SHELL', '/bin/bash'), ('QT_ACCESSIBILITY', '1'), ('GDMSESSION', 'ubuntu'), ('LESSCLOSE', '/usr/bin/lesspipe %s %s'), ('QT_IM_MODULE', 'ibus'), ('PWD', '/home/mc2148/AURO/GIT-SUBMISSION/AURO/Submission/build/assessment_interfaces'), ('TURTLEBOT3_MODEL', 'waffle_pi'), ('XDG_CONFIG_DIRS', '/etc/xdg/xdg-ubuntu:/etc/xdg'), ('XDG_DATA_DIRS', '/usr/share/ubuntu:/usr/local/share/:/usr/share/:/var/lib/snapd/desktop'), ('PYTHONPATH', '/home/mc2148/turtlebot3_ws/build/turtlebot3_teleop:/home/mc2148/turtlebot3_ws/install/turtlebot3_teleop/lib/python3.10/site-packages:/home/mc2148/turtlebot3_ws/build/turtlebot3_example:/home/mc2148/turtlebot3_ws/install/turtlebot3_example/lib/python3.10/site-packages:/home/mc2148/turtlebot3_ws/install/turtlebot3_msgs/local/lib/python3.10/dist-packages:/home/mc2148/turtlebot3_ws/install/dynamixel_sdk_custom_interfaces/local/lib/python3.10/dist-packages:/home/mc2148/AURO/GIT-SUBMISSION/AURO/Submission/build/tf_relay:/home/mc2148/AURO/GIT-SUBMISSION/AURO/Submission/install/tf_relay/lib/python3.10/site-packages:/home/mc2148/AURO/GIT-SUBMISSION/AURO/Submission/install/solution_interfaces/local/lib/python3.10/dist-packages:/home/mc2148/AURO/GIT-SUBMISSION/AURO/Submission/build/solution:/home/mc2148/AURO/GIT-SUBMISSION/AURO/Submission/install/solution/lib/python3.10/site-packages:/home/mc2148/AURO/GIT-SUBMISSION/AURO/Submission/install/assessment_interfaces/local/lib/python3.10/dist-packages:/home/mc2148/AURO/GIT-SUBMISSION/AURO/Submission/build/assessment:/home/mc2148/AURO/GIT-SUBMISSION/AURO/Submission/install/assessment/lib/python3.10/site-packages:/opt/ros/humble/lib/python3.10/site-packages:/opt/ros/humble/local/lib/python3.10/dist-packages'), ('COLCON', '1'), ('VTE_VERSION', '6800'), ('CMAKE_PREFIX_PATH', '/home/mc2148/turtlebot3_ws/install/turtlebot3:/home/mc2148/turtlebot3_ws/install/turtlebot3_simulations:/home/mc2148/turtlebot3_ws/install/turtlebot3_bringup:/home/mc2148/turtlebot3_ws/install/turtlebot3_node:/home/mc2148/turtlebot3_ws/install/turtlebot3_navigation2:/home/mc2148/turtlebot3_ws/install/turtlebot3_fake_node:/home/mc2148/turtlebot3_ws/install/turtlebot3_msgs:/home/mc2148/turtlebot3_ws/install/turtlebot3_gazebo:/home/mc2148/turtlebot3_ws/install/turtlebot3_description:/home/mc2148/turtlebot3_ws/install/turtlebot3_cartographer:/home/mc2148/turtlebot3_ws/install/dynamixel_sdk_examples:/home/mc2148/turtlebot3_ws/install/dynamixel_sdk_custom_interfaces:/home/mc2148/turtlebot3_ws/install/dynamixel_sdk:/home/mc2148/AURO/GIT-SUBMISSION/AURO/Submission/install/solution_interfaces:/home/mc2148/AURO/GIT-SUBMISSION/AURO/Submission/install/assessment_interfaces:/home/mc2148/turtlebot3_ws/install/turtlebot3_teleop:/home/mc2148/turtlebot3_ws/install/turtlebot3_example:/home/mc2148/AURO/GIT-SUBMISSION/AURO/Submission/install/tf_relay:/home/mc2148/AURO/GIT-SUBMISSION/AURO/Submission/install/solution:/home/mc2148/AURO/GIT-SUBMISSION/AURO/Submission/install/assessment:/opt/ros/humble')]), 'shell': False}
[1.907723] (-) TimerEvent: {}
[2.008459] (-) TimerEvent: {}
[2.109176] (-) TimerEvent: {}
[2.209824] (-) TimerEvent: {}
[2.310674] (-) TimerEvent: {}
[2.411279] (-) TimerEvent: {}
[2.512009] (-) TimerEvent: {}
[2.612710] (-) TimerEvent: {}
[2.713124] (-) TimerEvent: {}
[2.813577] (-) TimerEvent: {}
[2.913962] (-) TimerEvent: {}
[3.014740] (-) TimerEvent: {}
[3.115736] (-) TimerEvent: {}
[3.121165] (assessment_interfaces) StdoutLine: {'line': b'[  1%] Built target assessment_interfaces__cpp\n'}
[3.124188] (assessment_interfaces) StdoutLine: {'line': b'[ 12%] Built target assessment_interfaces__rosidl_generator_c\n'}
[3.125724] (assessment_interfaces) StdoutLine: {'line': b'[ 12%] Built target ament_cmake_python_copy_assessment_interfaces\n'}
[3.126088] (assessment_interfaces) StdoutLine: {'line': b'[ 24%] Built target assessment_interfaces__rosidl_typesupport_cpp\n'}
[3.126602] (assessment_interfaces) StdoutLine: {'line': b'[ 35%] Built target assessment_interfaces__rosidl_typesupport_fastrtps_cpp\n'}
[3.126863] (assessment_interfaces) StdoutLine: {'line': b'[ 47%] Built target assessment_interfaces__rosidl_typesupport_introspection_cpp\n'}
[3.127208] (assessment_interfaces) StdoutLine: {'line': b'[ 58%] Built target assessment_interfaces__rosidl_typesupport_fastrtps_c\n'}
[3.127572] (assessment_interfaces) StdoutLine: {'line': b'[ 70%] Built target assessment_interfaces__rosidl_typesupport_introspection_c\n'}
[3.128260] (assessment_interfaces) StdoutLine: {'line': b'[ 81%] Built target assessment_interfaces__rosidl_typesupport_c\n'}
[3.128556] (assessment_interfaces) StdoutLine: {'line': b'[ 81%] Built target assessment_interfaces\n'}
[3.128842] (assessment_interfaces) StdoutLine: {'line': b'[ 82%] Built target assessment_interfaces__py\n'}
[3.129940] (assessment_interfaces) StdoutLine: {'line': b'[ 93%] Built target assessment_interfaces__rosidl_generator_py\n'}
[3.131240] (assessment_interfaces) StdoutLine: {'line': b'[ 95%] Built target assessment_interfaces__rosidl_typesupport_introspection_c__pyext\n'}
[3.131535] (assessment_interfaces) StdoutLine: {'line': b'[ 97%] Built target assessment_interfaces__rosidl_typesupport_fastrtps_c__pyext\n'}
[3.131805] (assessment_interfaces) StdoutLine: {'line': b'[100%] Built target assessment_interfaces__rosidl_typesupport_c__pyext\n'}
[3.132103] (assessment_interfaces) StdoutLine: {'line': b'running egg_info\n'}
[3.132366] (assessment_interfaces) StdoutLine: {'line': b'writing assessment_interfaces.egg-info/PKG-INFO\n'}
[3.132628] (assessment_interfaces) StdoutLine: {'line': b'writing dependency_links to assessment_interfaces.egg-info/dependency_links.txt\n'}
[3.132883] (assessment_interfaces) StdoutLine: {'line': b'writing top-level names to assessment_interfaces.egg-info/top_level.txt\n'}
[3.133138] (assessment_interfaces) StdoutLine: {'line': b"reading manifest file 'assessment_interfaces.egg-info/SOURCES.txt'\n"}
[3.133389] (assessment_interfaces) StdoutLine: {'line': b"writing manifest file 'assessment_interfaces.egg-info/SOURCES.txt'\n"}
[3.135390] (solution_interfaces) JobProgress: {'identifier': 'solution_interfaces', 'progress': 'cmake'}
[3.135500] (solution_interfaces) JobProgress: {'identifier': 'solution_interfaces', 'progress': 'build'}
[3.135586] (solution_interfaces) Command: {'cmd': ['/usr/bin/cmake', '--build', '/home/mc2148/AURO/GIT-SUBMISSION/AURO/Submission/build/solution_interfaces', '--', '-j4', '-l4'], 'cwd': '/home/mc2148/AURO/GIT-SUBMISSION/AURO/Submission/build/solution_interfaces', 'env': OrderedDict([('LESSOPEN', '| /usr/bin/lesspipe %s'), ('LANGUAGE', 'en_GB:en'), ('USER', 'mc2148'), ('XDG_SESSION_TYPE', 'wayland'), ('SHLVL', '1'), ('LD_LIBRARY_PATH', '/home/mc2148/turtlebot3_ws/install/turtlebot3_msgs/lib:/home/mc2148/turtlebot3_ws/install/dynamixel_sdk_custom_interfaces/lib:/home/mc2148/turtlebot3_ws/install/dynamixel_sdk/lib:/home/mc2148/AURO/GIT-SUBMISSION/AURO/Submission/install/solution_interfaces/lib:/home/mc2148/AURO/GIT-SUBMISSION/AURO/Submission/install/assessment_interfaces/lib:/usr/lib/x86_64-linux-gnu/gazebo-11/plugins:/opt/ros/humble/opt/rviz_ogre_vendor/lib:/opt/ros/humble/lib/x86_64-linux-gnu:/opt/ros/humble/lib'), ('HOME', '/home/mc2148'), ('OLDPWD', '/home/mc2148'), ('DESKTOP_SESSION', 'ubuntu'), ('ROS_PYTHON_VERSION', '3'), ('GNOME_SHELL_SESSION_MODE', 'ubuntu'), ('GTK_MODULES', 'gail:atk-bridge'), ('SYSTEMD_EXEC_PID', '1536'), ('DBUS_SESSION_BUS_ADDRESS', 'unix:path=/run/user/1000/bus'), ('COLORTERM', 'truecolor'), ('_colcon_cd_root', '/opt/ros/humble/'), ('IM_CONFIG_PHASE', '1'), ('WAYLAND_DISPLAY', 'wayland-0'), ('COLCON_PREFIX_PATH', '/home/mc2148/AURO/GIT-SUBMISSION/AURO/Submission/install:/home/mc2148/turtlebot3_ws/install'), ('ROS_DISTRO', 'humble'), ('LOGNAME', 'mc2148'), ('_', '/usr/bin/colcon'), ('ROS_VERSION', '2'), ('XDG_SESSION_CLASS', 'user'), ('USERNAME', 'mc2148'), ('TERM', 'xterm-256color'), ('GAZEBO_MODEL_PATH', ':/home/mc2148/turtlebot3_ws/src/turtlebot3_simulations/turtlebot3_gazebo/models'), ('GNOME_DESKTOP_SESSION_ID', 'this-is-deprecated'), ('ROS_LOCALHOST_ONLY', '0'), ('PATH', '/opt/ros/humble/bin:/usr/local/sbin:/usr/local/bin:/usr/sbin:/usr/bin:/sbin:/bin:/usr/games:/usr/local/games:/snap/bin:/snap/bin'), ('SESSION_MANAGER', 'local/Dual-Laptop:@/tmp/.ICE-unix/1510,unix/Dual-Laptop:/tmp/.ICE-unix/1510'), ('XDG_MENU_PREFIX', 'gnome-'), ('GNOME_TERMINAL_SCREEN', '/org/gnome/Terminal/screen/b3bb4f13_06bc_4208_a437_16ab606c3a87'), ('GNOME_SETUP_DISPLAY', ':1'), ('XDG_RUNTIME_DIR', '/run/user/1000'), ('DISPLAY', ':0'), ('LANG', 'en_GB.UTF-8'), ('XDG_CURRENT_DESKTOP', 'ubuntu:GNOME'), ('RMW_IMPLEMENTATION', 'rmw_cyclonedds_cpp'), ('XMODIFIERS', '@im=ibus'), ('XDG_SESSION_DESKTOP', 'ubuntu'), ('XAUTHORITY', '/run/user/1000/.mutter-Xwaylandauth.HID2G2'), ('LS_COLORS', 'rs=0:di=01;34:ln=01;36:mh=00:pi=40;33:so=01;35:do=01;35:bd=40;33;01:cd=40;33;01:or=40;31;01:mi=00:su=37;41:sg=30;43:ca=30;41:tw=30;42:ow=34;42:st=37;44:ex=01;32:*.tar=01;31:*.tgz=01;31:*.arc=01;31:*.arj=01;31:*.taz=01;31:*.lha=01;31:*.lz4=01;31:*.lzh=01;31:*.lzma=01;31:*.tlz=01;31:*.txz=01;31:*.tzo=01;31:*.t7z=01;31:*.zip=01;31:*.z=01;31:*.dz=01;31:*.gz=01;31:*.lrz=01;31:*.lz=01;31:*.lzo=01;31:*.xz=01;31:*.zst=01;31:*.tzst=01;31:*.bz2=01;31:*.bz=01;31:*.tbz=01;31:*.tbz2=01;31:*.tz=01;31:*.deb=01;31:*.rpm=01;31:*.jar=01;31:*.war=01;31:*.ear=01;31:*.sar=01;31:*.rar=01;31:*.alz=01;31:*.ace=01;31:*.zoo=01;31:*.cpio=01;31:*.7z=01;31:*.rz=01;31:*.cab=01;31:*.wim=01;31:*.swm=01;31:*.dwm=01;31:*.esd=01;31:*.jpg=01;35:*.jpeg=01;35:*.mjpg=01;35:*.mjpeg=01;35:*.gif=01;35:*.bmp=01;35:*.pbm=01;35:*.pgm=01;35:*.ppm=01;35:*.tga=01;35:*.xbm=01;35:*.xpm=01;35:*.tif=01;35:*.tiff=01;35:*.png=01;35:*.svg=01;35:*.svgz=01;35:*.mng=01;35:*.pcx=01;35:*.mov=01;35:*.mpg=01;35:*.mpeg=01;35:*.m2v=01;35:*.mkv=01;35:*.webm=01;35:*.webp=01;35:*.ogm=01;35:*.mp4=01;35:*.m4v=01;35:*.mp4v=01;35:*.vob=01;35:*.qt=01;35:*.nuv=01;35:*.wmv=01;35:*.asf=01;35:*.rm=01;35:*.rmvb=01;35:*.flc=01;35:*.avi=01;35:*.fli=01;35:*.flv=01;35:*.gl=01;35:*.dl=01;35:*.xcf=01;35:*.xwd=01;35:*.yuv=01;35:*.cgm=01;35:*.emf=01;35:*.ogv=01;35:*.ogx=01;35:*.aac=00;36:*.au=00;36:*.flac=00;36:*.m4a=00;36:*.mid=00;36:*.midi=00;36:*.mka=00;36:*.mp3=00;36:*.mpc=00;36:*.ogg=00;36:*.ra=00;36:*.wav=00;36:*.oga=00;36:*.opus=00;36:*.spx=00;36:*.xspf=00;36:'), ('GNOME_TERMINAL_SERVICE', ':1.173'), ('SSH_AGENT_LAUNCHER', 'gnome-keyring'), ('SSH_AUTH_SOCK', '/run/user/1000/keyring/ssh'), ('ROS_DOMAIN_ID', '30'), ('AMENT_PREFIX_PATH', '/home/mc2148/turtlebot3_ws/install/turtlebot3:/home/mc2148/turtlebot3_ws/install/turtlebot3_teleop:/home/mc2148/turtlebot3_ws/install/turtlebot3_simulations:/home/mc2148/turtlebot3_ws/install/turtlebot3_bringup:/home/mc2148/turtlebot3_ws/install/turtlebot3_node:/home/mc2148/turtlebot3_ws/install/turtlebot3_navigation2:/home/mc2148/turtlebot3_ws/install/turtlebot3_fake_node:/home/mc2148/turtlebot3_ws/install/turtlebot3_example:/home/mc2148/turtlebot3_ws/install/turtlebot3_msgs:/home/mc2148/turtlebot3_ws/install/turtlebot3_gazebo:/home/mc2148/turtlebot3_ws/install/turtlebot3_description:/home/mc2148/turtlebot3_ws/install/turtlebot3_cartographer:/home/mc2148/turtlebot3_ws/install/dynamixel_sdk_examples:/home/mc2148/turtlebot3_ws/install/dynamixel_sdk_custom_interfaces:/home/mc2148/turtlebot3_ws/install/dynamixel_sdk:/home/mc2148/AURO/GIT-SUBMISSION/AURO/Submission/install/tf_relay:/home/mc2148/AURO/GIT-SUBMISSION/AURO/Submission/install/solution_interfaces:/home/mc2148/AURO/GIT-SUBMISSION/AURO/Submission/install/solution:/home/mc2148/AURO/GIT-SUBMISSION/AURO/Submission/install/assessment_interfaces:/home/mc2148/AURO/GIT-SUBMISSION/AURO/Submission/install/assessment:/opt/ros/humble'), ('SHELL', '/bin/bash'), ('QT_ACCESSIBILITY', '1'), ('GDMSESSION', 'ubuntu'), ('LESSCLOSE', '/usr/bin/lesspipe %s %s'), ('QT_IM_MODULE', 'ibus'), ('PWD', '/home/mc2148/AURO/GIT-SUBMISSION/AURO/Submission/build/solution_interfaces'), ('TURTLEBOT3_MODEL', 'waffle_pi'), ('XDG_CONFIG_DIRS', '/etc/xdg/xdg-ubuntu:/etc/xdg'), ('XDG_DATA_DIRS', '/usr/share/ubuntu:/usr/local/share/:/usr/share/:/var/lib/snapd/desktop'), ('PYTHONPATH', '/home/mc2148/turtlebot3_ws/build/turtlebot3_teleop:/home/mc2148/turtlebot3_ws/install/turtlebot3_teleop/lib/python3.10/site-packages:/home/mc2148/turtlebot3_ws/build/turtlebot3_example:/home/mc2148/turtlebot3_ws/install/turtlebot3_example/lib/python3.10/site-packages:/home/mc2148/turtlebot3_ws/install/turtlebot3_msgs/local/lib/python3.10/dist-packages:/home/mc2148/turtlebot3_ws/install/dynamixel_sdk_custom_interfaces/local/lib/python3.10/dist-packages:/home/mc2148/AURO/GIT-SUBMISSION/AURO/Submission/build/tf_relay:/home/mc2148/AURO/GIT-SUBMISSION/AURO/Submission/install/tf_relay/lib/python3.10/site-packages:/home/mc2148/AURO/GIT-SUBMISSION/AURO/Submission/install/solution_interfaces/local/lib/python3.10/dist-packages:/home/mc2148/AURO/GIT-SUBMISSION/AURO/Submission/build/solution:/home/mc2148/AURO/GIT-SUBMISSION/AURO/Submission/install/solution/lib/python3.10/site-packages:/home/mc2148/AURO/GIT-SUBMISSION/AURO/Submission/install/assessment_interfaces/local/lib/python3.10/dist-packages:/home/mc2148/AURO/GIT-SUBMISSION/AURO/Submission/build/assessment:/home/mc2148/AURO/GIT-SUBMISSION/AURO/Submission/install/assessment/lib/python3.10/site-packages:/opt/ros/humble/lib/python3.10/site-packages:/opt/ros/humble/local/lib/python3.10/dist-packages'), ('COLCON', '1'), ('VTE_VERSION', '6800'), ('CMAKE_PREFIX_PATH', '/home/mc2148/turtlebot3_ws/install/turtlebot3:/home/mc2148/turtlebot3_ws/install/turtlebot3_simulations:/home/mc2148/turtlebot3_ws/install/turtlebot3_bringup:/home/mc2148/turtlebot3_ws/install/turtlebot3_node:/home/mc2148/turtlebot3_ws/install/turtlebot3_navigation2:/home/mc2148/turtlebot3_ws/install/turtlebot3_fake_node:/home/mc2148/turtlebot3_ws/install/turtlebot3_msgs:/home/mc2148/turtlebot3_ws/install/turtlebot3_gazebo:/home/mc2148/turtlebot3_ws/install/turtlebot3_description:/home/mc2148/turtlebot3_ws/install/turtlebot3_cartographer:/home/mc2148/turtlebot3_ws/install/dynamixel_sdk_examples:/home/mc2148/turtlebot3_ws/install/dynamixel_sdk_custom_interfaces:/home/mc2148/turtlebot3_ws/install/dynamixel_sdk:/home/mc2148/AURO/GIT-SUBMISSION/AURO/Submission/install/solution_interfaces:/home/mc2148/AURO/GIT-SUBMISSION/AURO/Submission/install/assessment_interfaces:/home/mc2148/turtlebot3_ws/install/turtlebot3_teleop:/home/mc2148/turtlebot3_ws/install/turtlebot3_example:/home/mc2148/AURO/GIT-SUBMISSION/AURO/Submission/install/tf_relay:/home/mc2148/AURO/GIT-SUBMISSION/AURO/Submission/install/solution:/home/mc2148/AURO/GIT-SUBMISSION/AURO/Submission/install/assessment:/opt/ros/humble')]), 'shell': False}
[3.197590] (assessment_interfaces) StdoutLine: {'line': b'[100%] Built target ament_cmake_python_build_assessment_interfaces_egg\n'}
[3.215871] (-) TimerEvent: {}
[3.242016] (assessment_interfaces) CommandEnded: {'returncode': 0}
[3.316002] (-) TimerEvent: {}
[3.362065] (solution_interfaces) StdoutLine: {'line': b'[ 10%] Built target solution_interfaces__rosidl_generator_c\n'}
[3.377758] (solution_interfaces) StdoutLine: {'line': b'[ 10%] Built target ament_cmake_python_copy_solution_interfaces\n'}
[3.401499] (solution_interfaces) StdoutLine: {'line': b'[ 12%] Built target solution_interfaces__cpp\n'}
[3.416137] (-) TimerEvent: {}
[3.507778] (solution_interfaces) StdoutLine: {'line': b'[ 23%] Built target solution_interfaces__rosidl_typesupport_fastrtps_c\n'}
[3.510156] (solution_interfaces) StdoutLine: {'line': b'[ 34%] Built target solution_interfaces__rosidl_typesupport_introspection_c\n'}
[3.516273] (-) TimerEvent: {}
[3.558267] (solution_interfaces) StdoutLine: {'line': b'[ 45%] Built target solution_interfaces__rosidl_typesupport_c\n'}
[3.616407] (-) TimerEvent: {}
[3.619204] (solution_interfaces) StdoutLine: {'line': b'[ 56%] Built target solution_interfaces__rosidl_typesupport_cpp\n'}
[3.667182] (solution_interfaces) StdoutLine: {'line': b'[ 67%] Built target solution_interfaces__rosidl_typesupport_introspection_cpp\n'}
[3.679283] (solution_interfaces) StdoutLine: {'line': b'[ 78%] Built target solution_interfaces__rosidl_typesupport_fastrtps_cpp\n'}
[3.689990] (solution_interfaces) StderrLine: {'line': b'Traceback (most recent call last):\n'}
[3.690288] (solution_interfaces) StderrLine: {'line': b'  File "/home/mc2148/AURO/GIT-SUBMISSION/AURO/Submission/build/solution_interfaces/ament_cmake_python/solution_interfaces/setup.py", line 1, in <module>\n'}
[3.690463] (solution_interfaces) StderrLine: {'line': b'gmake[1]: *** [CMakeFiles/Makefile2:186: CMakeFiles/solution_interfaces.dir/all] Interrupt\n'}
[3.690612] (solution_interfaces) StderrLine: {'line': b'    from setuptools import find_packages\n'}
[3.690753] (solution_interfaces) StderrLine: {'line': b'  File "/home/mc2148/.local/lib/python3.10/site-packages/setuptools/__init__.py", line 10, in <module>\n'}
[3.690898] (solution_interfaces) StderrLine: {'line': b'    import distutils.core\n'}
[3.691044] (solution_interfaces) StderrLine: {'line': b'  File "/usr/lib/python3.10/distutils/core.py", line 16, in <module>\n'}
[3.716654] (-) TimerEvent: {}
[3.719684] (solution_interfaces) StderrLine: {'line': b'    from distutils.dist import Distribution\n'}
[3.720036] (solution_interfaces) StderrLine: {'line': b'  File "/usr/lib/python3.10/distutils/dist.py", line 19, in <module>\n'}
[3.742611] (solution_interfaces) StderrLine: {'line': b'    from distutils.util import check_environ, strtobool, rfc822_escape\n'}
[3.742866] (solution_interfaces) StderrLine: {'line': b'  File "/usr/lib/python3.10/distutils/util.py", line 15, in <module>\n'}
[3.769182] (solution_interfaces) StderrLine: {'line': b'    from distutils.spawn import spawn\n'}
[3.769469] (solution_interfaces) StderrLine: {'line': b'  File "/usr/lib/python3.10/distutils/spawn.py", line 11, in <module>\n'}
[3.812721] (solution_interfaces) StderrLine: {'line': b'    import subprocess\n'}
[3.813160] (solution_interfaces) StderrLine: {'line': b'  File "/usr/lib/python3.10/subprocess.py", line 48, in <module>\n'}
[3.816719] (-) TimerEvent: {}
[3.855009] (solution_interfaces) StderrLine: {'line': b'    import signal\n'}
[3.855333] (solution_interfaces) StderrLine: {'line': b'  File "/usr/lib/python3.10/signal.py", line 19, in <module>\n'}
[3.890498] (solution_interfaces) StderrLine: {'line': b'    _IntEnum._convert_(\n'}
[3.890827] (solution_interfaces) StderrLine: {'line': b'  File "/usr/lib/python3.10/enum.py", line 563, in _convert_\n'}
[3.891027] (solution_interfaces) StderrLine: {'line': b'    cls = cls(name, members, module=module)\n'}
[3.891205] (solution_interfaces) StderrLine: {'line': b'  File "/usr/lib/python3.10/enum.py", line 387, in __call__\n'}
[3.891519] (solution_interfaces) StderrLine: {'line': b'    return cls._create_(\n'}
[3.891671] (solution_interfaces) StderrLine: {'line': b'  File "/usr/lib/python3.10/enum.py", line 518, in _create_\n'}
[3.891797] (solution_interfaces) StderrLine: {'line': b'    enum_class = metacls.__new__(metacls, class_name, bases, classdict)\n'}
[3.891918] (solution_interfaces) StderrLine: {'line': b'  File "/usr/lib/python3.10/enum.py", line 222, in __new__\n'}
[3.892038] (solution_interfaces) StderrLine: {'line': b'    dynamic_attributes = {\n'}
[3.892155] (solution_interfaces) StderrLine: {'line': b'  File "/usr/lib/python3.10/enum.py", line 225, in <setcomp>\n'}
[3.892272] (solution_interfaces) StderrLine: {'line': b'    if isinstance(v, DynamicClassAttribute)\n'}
[3.892387] (solution_interfaces) StderrLine: {'line': b'KeyboardInterrupt\n'}
[3.899627] (solution_interfaces) StderrLine: {'line': b'gmake[2]: *** [CMakeFiles/ament_cmake_python_build_solution_interfaces_egg.dir/build.make:70: CMakeFiles/ament_cmake_python_build_solution_interfaces_egg] Interrupt\n'}
[3.900055] (solution_interfaces) StderrLine: {'line': b'gmake[1]: *** [CMakeFiles/Makefile2:447: CMakeFiles/ament_cmake_python_build_solution_interfaces_egg.dir/all] Interrupt\n'}
[3.900437] (solution_interfaces) StderrLine: {'line': b'gmake: *** [Makefile:146: all] Interrupt\n'}
[3.916917] (-) TimerEvent: {}
[3.979135] (assessment_interfaces) StderrLine: {'line': b'Traceback (most recent call last):\n  File "/usr/lib/python3/dist-packages/colcon_parallel_executor/executor/parallel.py", line 75, in execute\n    loop.run_until_complete(future)\n  File "/usr/lib/python3.10/asyncio/base_events.py", line 636, in run_until_complete\n    self.run_forever()\n  File "/usr/lib/python3.10/asyncio/base_events.py", line 603, in run_forever\n    self._run_once()\n  File "/usr/lib/python3.10/asyncio/base_events.py", line 1871, in _run_once\n    event_list = self._selector.select(timeout)\n  File "/usr/lib/python3.10/selectors.py", line 469, in select\n    fd_event_list = self._selector.poll(timeout, max_ev)\nKeyboardInterrupt\n\nDuring handling of the above exception, another exception occurred:\n\nTraceback (most recent call last):\n  File "/usr/lib/python3/dist-packages/colcon_core/executor/__init__.py", line 91, in __call__\n    rc = await self.task(*args, **kwargs)\n  File "/usr/lib/python3/dist-packages/colcon_core/task/__init__.py", line 93, in __call__\n    return await task_method(*args, **kwargs)\n  File "/usr/lib/python3/dist-packages/colcon_ros/task/ament_cmake/build.py", line 59, in build\n    rc = await extension.build(\n  File "/usr/lib/python3/dist-packages/colcon_cmake/task/cmake/build.py", line 110, in build\n    if await has_target(args.build_base, \'install\'):\n  File "/usr/lib/python3/dist-packages/colcon_cmake/task/cmake/__init__.py", line 57, in has_target\n    return target in await get_makefile_targets(path)\n  File "/usr/lib/python3/dist-packages/colcon_cmake/task/cmake/__init__.py", line 77, in get_makefile_targets\n    output = await check_output([\n  File "/usr/lib/python3/dist-packages/colcon_core/subprocess.py", line 129, in check_output\n    assert not rc, f\'Expected {args} to pass: {stderr_data}\'\nAssertionError: Expected [\'/usr/bin/cmake\', \'--build\', \'/home/mc2148/AURO/GIT-SUBMISSION/AURO/Submission/build/assessment_interfaces\', \'--target\', \'help\'] to pass: gmake: *** [Makefile:2061: help] Interrupt\n\n'}
[3.979782] (assessment_interfaces) JobEnded: {'identifier': 'assessment_interfaces', 'rc': 'SIGINT'}
[3.981729] (assessment) JobEnded: {'identifier': 'assessment', 'rc': 'SIGINT'}
[3.982561] (solution) JobEnded: {'identifier': 'solution', 'rc': 'SIGINT'}
[3.983017] (solution_interfaces) JobEnded: {'identifier': 'solution_interfaces', 'rc': 'SIGINT'}
[3.993242] (tf_relay) JobSkipped: {'identifier': 'tf_relay'}
[3.993396] (-) EventReactorShutdown: {}
